<?xml version="1.0" encoding="UTF-8"?>
<!-- Generated by org.testng.reporters.JUnitReportReporter -->
<testsuite hostname="Bhuiyan" failures="0" tests="3" name="com.testng.FunctionalSaucedemo" time="38.278" errors="0" timestamp="2023-06-22T14:27:22 EDT" skipped="0">
  <testcase classname="com.testng.FunctionalSaucedemo" name="addtocart" time="14.982"/>
  <system-out/>
  <testcase classname="com.testng.FunctionalSaucedemo" name="checkout" time="13.890"/>
  <system-out/>
  <testcase classname="com.testng.FunctionalSaucedemo" name="aboutuscheck" time="9.406"/>
  <system-out/>
</testsuite> <!-- com.testng.FunctionalSaucedemo -->
