<?xml version="1.0" encoding="UTF-8"?>
<!-- Generated by org.testng.reporters.JUnitReportReporter -->
<testsuite hostname="Bhuiyan" failures="0" tests="4" name="com.portal.Functionsaucedemo" time="6.494" errors="0" timestamp="2023-07-04T23:11:02 EDT" skipped="0">
  <testcase classname="com.portal.Functionsaucedemo" name="login" time="0.555"/>
  <system-out/>
  <testcase classname="com.portal.Functionsaucedemo" name="login" time="5.348"/>
  <system-out/>
  <testcase classname="com.portal.Functionsaucedemo" name="login" time="0.331"/>
  <system-out/>
  <testcase classname="com.portal.Functionsaucedemo" name="login" time="0.260"/>
  <system-out/>
</testsuite> <!-- com.portal.Functionsaucedemo -->
